<?xml version="1.0" encoding="UTF-8"?>
<!-- Generated by org.testng.reporters.JUnitReportReporter -->
<testsuite hostname="NOKIA-WINDOWS" failures="0" tests="2" name="dataproviderspractise.Logindata" time="4.548" errors="0" timestamp="2023-07-06T15:12:02 IST" skipped="0">
  <testcase classname="dataproviderspractise.Logindata" name="fetchdata" time="1.733"/>
  <system-out/>
  <testcase classname="dataproviderspractise.Logindata" name="fetchdata" time="2.815"/>
  <system-out/>
</testsuite> <!-- dataproviderspractise.Logindata -->
